<?xml version="1.0" encoding="UTF-8" ?>
<testsuite failures="0" time="5.782" errors="1" skipped="0" tests="9" name="com.fiftyhrtz.phone.domain.LogUserRoleIntegrationTest">
  <properties>
    <property name="java.runtime.name" value="Java(TM) SE Runtime Environment"/>
    <property name="sun.boot.library.path" value="C:\Program Files\Java\jdk1.7.0_51\jre\bin"/>
    <property name="java.vm.version" value="24.51-b03"/>
    <property name="java.vm.vendor" value="Oracle Corporation"/>
    <property name="java.vendor.url" value="http://java.oracle.com/"/>
    <property name="path.separator" value=";"/>
    <property name="guice.disable.misplaced.annotation.check" value="true"/>
    <property name="java.vm.name" value="Java HotSpot(TM) Client VM"/>
    <property name="file.encoding.pkg" value="sun.io"/>
    <property name="user.script" value=""/>
    <property name="user.country" value="US"/>
    <property name="sun.java.launcher" value="SUN_STANDARD"/>
    <property name="sun.os.patch.level" value=""/>
    <property name="java.vm.specification.name" value="Java Virtual Machine Specification"/>
    <property name="user.dir" value="E:\STSNEWPROJECTS\phonecat_ex"/>
    <property name="java.runtime.version" value="1.7.0_51-b13"/>
    <property name="java.awt.graphicsenv" value="sun.awt.Win32GraphicsEnvironment"/>
    <property name="java.endorsed.dirs" value="C:\Program Files\Java\jdk1.7.0_51\jre\lib\endorsed"/>
    <property name="os.arch" value="x86"/>
    <property name="java.io.tmpdir" value="C:\Users\TECHNO\AppData\Local\Temp\"/>
    <property name="line.separator" value="
"/>
    <property name="java.vm.specification.vendor" value="Oracle Corporation"/>
    <property name="user.variant" value=""/>
    <property name="os.name" value="Windows 8"/>
    <property name="classworlds.conf" value="E:\apache-maven-3.1.1-bin\apache-maven-3.1.1\bin\..\bin\m2.conf"/>
    <property name="sun.jnu.encoding" value="Cp1252"/>
    <property name="java.library.path" value="C:\Program Files\Java\jdk1.7.0_51\jre\bin;C:\Windows\Sun\Java\bin;C:\Windows\system32;C:\Windows;C:\WINDOWS\system32;C:\WINDOWS;C:\WINDOWS\System32\Wbem;C:\WINDOWS\System32\WindowsPowerShell\v1.0\;C:\Program Files\Java\jdk1.7.0_51\bin;C:\Program Files\MySQL\MySQL Utilities 1.3.4\;C:\Program Files\MySQL\MySQL Server 5.6\bin;E:\apache-maven-3.1.1-bin\apache-maven-3.1.1\bin;E:\STS_INSTALLED\spring-roo-1.2.4.RELEASE\bin;C:\Program Files\nodejs\;c:\Program Files\Microsoft SQL Server\100\Tools\Binn\;c:\Program Files\Microsoft SQL Server\100\DTS\Binn\;E:\apache-maven-3.1.1-bin\apache-maven-3.1.1\bin;C:\Users\TECHNO\AppData\Roaming\npm;."/>
    <property name="java.specification.name" value="Java Platform API Specification"/>
    <property name="java.class.version" value="51.0"/>
    <property name="sun.management.compiler" value="HotSpot Client Compiler"/>
    <property name="os.version" value="6.2"/>
    <property name="user.home" value="C:\Users\TECHNO"/>
    <property name="user.timezone" value="America/Los_Angeles"/>
    <property name="java.awt.printerjob" value="sun.awt.windows.WPrinterJob"/>
    <property name="java.specification.version" value="1.7"/>
    <property name="file.encoding" value="Cp1252"/>
    <property name="user.name" value="TECHNO"/>
    <property name="java.class.path" value="E:\apache-maven-3.1.1-bin\apache-maven-3.1.1\bin\..\boot\plexus-classworlds-2.5.1.jar"/>
    <property name="org.slf4j.simpleLogger.defaultLogLevel" value="info"/>
    <property name="java.vm.specification.version" value="1.7"/>
    <property name="sun.arch.data.model" value="32"/>
    <property name="java.home" value="C:\Program Files\Java\jdk1.7.0_51\jre"/>
    <property name="sun.java.command" value="org.codehaus.plexus.classworlds.launcher.Launcher test"/>
    <property name="java.specification.vendor" value="Oracle Corporation"/>
    <property name="user.language" value="en"/>
    <property name="awt.toolkit" value="sun.awt.windows.WToolkit"/>
    <property name="java.vm.info" value="mixed mode, sharing"/>
    <property name="java.version" value="1.7.0_51"/>
    <property name="java.ext.dirs" value="C:\Program Files\Java\jdk1.7.0_51\jre\lib\ext;C:\Windows\Sun\Java\lib\ext"/>
    <property name="sun.boot.class.path" value="C:\Program Files\Java\jdk1.7.0_51\jre\lib\resources.jar;C:\Program Files\Java\jdk1.7.0_51\jre\lib\rt.jar;C:\Program Files\Java\jdk1.7.0_51\jre\lib\sunrsasign.jar;C:\Program Files\Java\jdk1.7.0_51\jre\lib\jsse.jar;C:\Program Files\Java\jdk1.7.0_51\jre\lib\jce.jar;C:\Program Files\Java\jdk1.7.0_51\jre\lib\charsets.jar;C:\Program Files\Java\jdk1.7.0_51\jre\lib\jfr.jar;C:\Program Files\Java\jdk1.7.0_51\jre\classes"/>
    <property name="java.vendor" value="Oracle Corporation"/>
    <property name="maven.home" value="E:\apache-maven-3.1.1-bin\apache-maven-3.1.1\bin\.."/>
    <property name="file.separator" value="\"/>
    <property name="java.vendor.url.bug" value="http://bugreport.sun.com/bugreport/"/>
    <property name="sun.cpu.endian" value="little"/>
    <property name="sun.io.unicode.encoding" value="UnicodeLittle"/>
    <property name="sun.desktop" value="windows"/>
    <property name="sun.cpu.isalist" value="pentium_pro+mmx pentium_pro pentium+mmx pentium i486 i386 i86"/>
  </properties>
  <testcase time="5.414" classname="com.fiftyhrtz.phone.domain.LogUserRoleIntegrationTest" name="testFindLogUserRole"/>
  <testcase time="0.028" classname="com.fiftyhrtz.phone.domain.LogUserRoleIntegrationTest" name="testFindLogUserRoleEntries"/>
  <testcase time="0.013" classname="com.fiftyhrtz.phone.domain.LogUserRoleIntegrationTest" name="testFlush"/>
  <testcase time="0.236" classname="com.fiftyhrtz.phone.domain.LogUserRoleIntegrationTest" name="testPersist"/>
  <testcase time="0.008" classname="com.fiftyhrtz.phone.domain.LogUserRoleIntegrationTest" name="testMarkerMethod"/>
  <testcase time="0.023" classname="com.fiftyhrtz.phone.domain.LogUserRoleIntegrationTest" name="testMergeUpdate"/>
  <testcase time="0.013" classname="com.fiftyhrtz.phone.domain.LogUserRoleIntegrationTest" name="testCountLogUserRoles"/>
  <testcase time="0.013" classname="com.fiftyhrtz.phone.domain.LogUserRoleIntegrationTest" name="testFindAllLogUserRoles"/>
  <testcase time="0.034" classname="com.fiftyhrtz.phone.domain.LogUserRoleIntegrationTest" name="testRemove">
    <error message="org.hibernate.StaleObjectStateException: Row was updated or deleted by another transaction (or unsaved-value mapping was incorrect): [com.fiftyhrtz.phone.domain.LogUserRole#2]; nested exception is javax.persistence.OptimisticLockException: org.hibernate.StaleObjectStateException: Row was updated or deleted by another transaction (or unsaved-value mapping was incorrect): [com.fiftyhrtz.phone.domain.LogUserRole#2]" type="org.springframework.orm.jpa.JpaOptimisticLockingFailureException">org.springframework.orm.jpa.JpaOptimisticLockingFailureException: org.hibernate.StaleObjectStateException: Row was updated or deleted by another transaction (or unsaved-value mapping was incorrect): [com.fiftyhrtz.phone.domain.LogUserRole#2]; nested exception is javax.persistence.OptimisticLockException: org.hibernate.StaleObjectStateException: Row was updated or deleted by another transaction (or unsaved-value mapping was incorrect): [com.fiftyhrtz.phone.domain.LogUserRole#2]
	at org.springframework.orm.jpa.EntityManagerFactoryUtils.convertJpaAccessExceptionIfPossible(EntityManagerFactoryUtils.java:310)
	at org.springframework.orm.jpa.aspectj.JpaExceptionTranslatorAspect.ajc$afterThrowing$org_springframework_orm_jpa_aspectj_JpaExceptionTranslatorAspect$1$18a1ac9(JpaExceptionTranslatorAspect.aj:33)
	at com.fiftyhrtz.phone.domain.LogUserRole_Roo_Jpa_ActiveRecord.flush_aroundBody14(LogUserRole_Roo_Jpa_ActiveRecord.aj:60)
	at com.fiftyhrtz.phone.domain.LogUserRole_Roo_Jpa_ActiveRecord$AjcClosure15.run(LogUserRole_Roo_Jpa_ActiveRecord.aj:1)
	at org.springframework.transaction.aspectj.AbstractTransactionAspect.ajc$around$org_springframework_transaction_aspectj_AbstractTransactionAspect$1$2a73e96cproceed(AbstractTransactionAspect.aj:59)
	at org.springframework.transaction.aspectj.AbstractTransactionAspect$AbstractTransactionAspect$1.proceedWithInvocation(AbstractTransactionAspect.aj:65)
	at org.springframework.transaction.interceptor.TransactionAspectSupport.invokeWithinTransaction(TransactionAspectSupport.java:260)
	at org.springframework.transaction.aspectj.AbstractTransactionAspect.ajc$around$org_springframework_transaction_aspectj_AbstractTransactionAspect$1$2a73e96c(AbstractTransactionAspect.aj:63)
	at com.fiftyhrtz.phone.domain.LogUserRole_Roo_Jpa_ActiveRecord.ajc$interMethod$com_fiftyhrtz_phone_domain_LogUserRole_Roo_Jpa_ActiveRecord$com_fiftyhrtz_phone_domain_LogUserRole$flush(LogUserRole_Roo_Jpa_ActiveRecord.aj:58)
	at com.fiftyhrtz.phone.domain.LogUserRole.flush(LogUserRole.java:1)
	at com.fiftyhrtz.phone.domain.LogUserRoleIntegrationTest_Roo_IntegrationTest.ajc$interMethod$com_fiftyhrtz_phone_domain_LogUserRoleIntegrationTest_Roo_IntegrationTest$com_fiftyhrtz_phone_domain_LogUserRoleIntegrationTest$testRemove(LogUserRoleIntegrationTest_Roo_IntegrationTest.aj:129)
	at com.fiftyhrtz.phone.domain.LogUserRoleIntegrationTest.testRemove(LogUserRoleIntegrationTest.java:1)
	at sun.reflect.NativeMethodAccessorImpl.invoke0(Native Method)
	at sun.reflect.NativeMethodAccessorImpl.invoke(NativeMethodAccessorImpl.java:57)
	at sun.reflect.DelegatingMethodAccessorImpl.invoke(DelegatingMethodAccessorImpl.java:43)
	at java.lang.reflect.Method.invoke(Method.java:606)
	at org.junit.runners.model.FrameworkMethod$1.runReflectiveCall(FrameworkMethod.java:47)
	at org.junit.internal.runners.model.ReflectiveCallable.run(ReflectiveCallable.java:12)
	at org.junit.runners.model.FrameworkMethod.invokeExplosively(FrameworkMethod.java:44)
	at org.junit.internal.runners.statements.InvokeMethod.evaluate(InvokeMethod.java:17)
	at org.springframework.test.context.junit4.statements.RunBeforeTestMethodCallbacks.evaluate(RunBeforeTestMethodCallbacks.java:74)
	at org.springframework.test.context.junit4.statements.RunAfterTestMethodCallbacks.evaluate(RunAfterTestMethodCallbacks.java:83)
	at org.springframework.test.context.junit4.statements.SpringRepeat.evaluate(SpringRepeat.java:72)
	at org.springframework.test.context.junit4.SpringJUnit4ClassRunner.runChild(SpringJUnit4ClassRunner.java:231)
	at org.springframework.test.context.junit4.SpringJUnit4ClassRunner.runChild(SpringJUnit4ClassRunner.java:88)
	at org.junit.runners.ParentRunner$3.run(ParentRunner.java:238)
	at org.junit.runners.ParentRunner$1.schedule(ParentRunner.java:63)
	at org.junit.runners.ParentRunner.runChildren(ParentRunner.java:236)
	at org.junit.runners.ParentRunner.access$000(ParentRunner.java:53)
	at org.junit.runners.ParentRunner$2.evaluate(ParentRunner.java:229)
	at org.springframework.test.context.junit4.statements.RunBeforeTestClassCallbacks.evaluate(RunBeforeTestClassCallbacks.java:61)
	at org.springframework.test.context.junit4.statements.RunAfterTestClassCallbacks.evaluate(RunAfterTestClassCallbacks.java:71)
	at org.junit.runners.ParentRunner.run(ParentRunner.java:309)
	at org.springframework.test.context.junit4.SpringJUnit4ClassRunner.run(SpringJUnit4ClassRunner.java:174)
	at org.apache.maven.surefire.junit4.JUnit4Provider.execute(JUnit4Provider.java:236)
	at org.apache.maven.surefire.junit4.JUnit4Provider.executeTestSet(JUnit4Provider.java:134)
	at org.apache.maven.surefire.junit4.JUnit4Provider.invoke(JUnit4Provider.java:113)
	at sun.reflect.NativeMethodAccessorImpl.invoke0(Native Method)
	at sun.reflect.NativeMethodAccessorImpl.invoke(NativeMethodAccessorImpl.java:57)
	at sun.reflect.DelegatingMethodAccessorImpl.invoke(DelegatingMethodAccessorImpl.java:43)
	at java.lang.reflect.Method.invoke(Method.java:606)
	at org.apache.maven.surefire.util.ReflectionUtils.invokeMethodWithArray(ReflectionUtils.java:189)
	at org.apache.maven.surefire.booter.ProviderFactory$ProviderProxy.invoke(ProviderFactory.java:165)
	at org.apache.maven.surefire.booter.ProviderFactory.invokeProvider(ProviderFactory.java:85)
	at org.apache.maven.surefire.booter.ForkedBooter.runSuitesInProcess(ForkedBooter.java:103)
	at org.apache.maven.surefire.booter.ForkedBooter.main(ForkedBooter.java:74)
Caused by: javax.persistence.OptimisticLockException: org.hibernate.StaleObjectStateException: Row was updated or deleted by another transaction (or unsaved-value mapping was incorrect): [com.fiftyhrtz.phone.domain.LogUserRole#2]
	at org.hibernate.ejb.AbstractEntityManagerImpl.wrapStaleStateException(AbstractEntityManagerImpl.java:1420)
	at org.hibernate.ejb.AbstractEntityManagerImpl.convert(AbstractEntityManagerImpl.java:1329)
	at org.hibernate.ejb.AbstractEntityManagerImpl.convert(AbstractEntityManagerImpl.java:1310)
	at org.hibernate.ejb.AbstractEntityManagerImpl.convert(AbstractEntityManagerImpl.java:1316)
	at org.hibernate.ejb.AbstractEntityManagerImpl.flush(AbstractEntityManagerImpl.java:999)
	at sun.reflect.NativeMethodAccessorImpl.invoke0(Native Method)
	at sun.reflect.NativeMethodAccessorImpl.invoke(NativeMethodAccessorImpl.java:57)
	at sun.reflect.DelegatingMethodAccessorImpl.invoke(DelegatingMethodAccessorImpl.java:43)
	at java.lang.reflect.Method.invoke(Method.java:606)
	at org.springframework.orm.jpa.SharedEntityManagerCreator$SharedEntityManagerInvocationHandler.invoke(SharedEntityManagerCreator.java:241)
	at com.sun.proxy.$Proxy31.flush(Unknown Source)
	... 44 more
Caused by: org.hibernate.StaleObjectStateException: Row was updated or deleted by another transaction (or unsaved-value mapping was incorrect): [com.fiftyhrtz.phone.domain.LogUserRole#2]
	at org.hibernate.persister.entity.AbstractEntityPersister.check(AbstractEntityPersister.java:2509)
	at org.hibernate.persister.entity.AbstractEntityPersister.delete(AbstractEntityPersister.java:3346)
	at org.hibernate.persister.entity.AbstractEntityPersister.delete(AbstractEntityPersister.java:3546)
	at org.hibernate.action.internal.EntityDeleteAction.execute(EntityDeleteAction.java:100)
	at org.hibernate.engine.spi.ActionQueue.execute(ActionQueue.java:377)
	at org.hibernate.engine.spi.ActionQueue.executeActions(ActionQueue.java:369)
	at org.hibernate.engine.spi.ActionQueue.executeActions(ActionQueue.java:293)
	at org.hibernate.event.internal.AbstractFlushingEventListener.performExecutions(AbstractFlushingEventListener.java:339)
	at org.hibernate.event.internal.DefaultFlushEventListener.onFlush(DefaultFlushEventListener.java:52)
	at org.hibernate.internal.SessionImpl.flush(SessionImpl.java:1234)
	at org.hibernate.ejb.AbstractEntityManagerImpl.flush(AbstractEntityManagerImpl.java:996)
	... 50 more
</error>
  </testcase>
</testsuite>